"" 

Sun Jul 13 2025 01:13:13:508 GMT+0530 (India Standard Time) -- [SUCCESS] You can now access your local server(s) in our remote browser

Sun Jul 13 2025 01:13:13:678 GMT+0530 (India Standard Time) -- Press Ctrl-C to exit


Sun Jul 13 2025 01:13:14:229 GMT+0530 (India Standard Time) -- Starting configuration console on http://localhost:45454

Sun Jul 13 2025 01:14:33:608 GMT+0530 (India Standard Time) -- [WARNING] Skipping initialisation of configuration console because: port already in use by another Binary
Sun Jul 13 2025 01:14:34:811 GMT+0530 (India Standard Time) -- [SUCCESS] You can now access your local server(s) in our remote browser

Sun Jul 13 2025 01:14:35:9 GMT+0530 (India Standard Time) -- Press Ctrl-C to exit



Sun Jul 13 2025 01:29:22:784 GMT+0530 (India Standard Time) -- [WARNING] Skipping initialisation of configuration console because: port already in use by another Binary
Sun Jul 13 2025 01:29:24:252 GMT+0530 (India Standard Time) -- [SUCCESS] You can now access your local server(s) in our remote browser

Sun Jul 13 2025 01:29:24:485 GMT+0530 (India Standard Time) -- Press Ctrl-C to exit



Sun Jul 13 2025 01:37:37:789 GMT+0530 (India Standard Time) -- [WARNING] Skipping initialisation of configuration console because: port already in use by another Binary
Sun Jul 13 2025 01:37:39:315 GMT+0530 (India Standard Time) -- [SUCCESS] You can now access your local server(s) in our remote browser

Sun Jul 13 2025 01:37:39:513 GMT+0530 (India Standard Time) -- Press Ctrl-C to exit



Sun Jul 13 2025 01:45:52:820 GMT+0530 (India Standard Time) -- [WARNING] Skipping initialisation of configuration console because: port already in use by another Binary
Sun Jul 13 2025 01:45:54:749 GMT+0530 (India Standard Time) -- [SUCCESS] You can now access your local server(s) in our remote browser

Sun Jul 13 2025 01:45:54:962 GMT+0530 (India Standard Time) -- Press Ctrl-C to exit



Sun Jul 13 2025 01:50:45:767 GMT+0530 (India Standard Time) -- [WARNING] Skipping initialisation of configuration console because: port already in use by another Binary
Sun Jul 13 2025 01:50:47:733 GMT+0530 (India Standard Time) -- [SUCCESS] You can now access your local server(s) in our remote browser

Sun Jul 13 2025 01:50:47:848 GMT+0530 (India Standard Time) -- Press Ctrl-C to exit



Sun Jul 13 2025 01:56:01:435 GMT+0530 (India Standard Time) -- [WARNING] Skipping initialisation of configuration console because: port already in use by another Binary
Sun Jul 13 2025 01:56:03:1 GMT+0530 (India Standard Time) -- [SUCCESS] You can now access your local server(s) in our remote browser

Sun Jul 13 2025 01:56:03:320 GMT+0530 (India Standard Time) -- Press Ctrl-C to exit


